<?xml version="1.0" encoding="UTF-8"?>
<testsuite xmlns:xsi="http://www.w3.org/2001/XMLSchema-instance" xsi:noNamespaceSchemaLocation="https://maven.apache.org/surefire/maven-surefire-plugin/xsd/surefire-test-report.xsd" version="3.0.2" name="com.Rady.PhoneShop.PhoneShopApplicationTests" time="10.16" tests="1" errors="0" skipped="0" failures="0">
  <properties>
[...]
</properties>
  <testcase name="contextLoads" classname="com.Rady.PhoneShop.PhoneShopApplicationTests" time="0.436">
    <system-out><![CDATA[13:00:29.656 [main] INFO org.springframework.test.context.support.AnnotationConfigContextLoaderUtils -- Could not detect default configuration classes for test class [com.Rady.PhoneShop.PhoneShopApplicationTests]: PhoneShopApplicationTests does not declare any static, non-private, non-final, nested classes annotated with @Configuration.
13:00:29.801 [main] INFO org.springframework.boot.test.context.SpringBootTestContextBootstrapper -- Found @SpringBootConfiguration com.Rady.PhoneShop.PhoneShopApplication for test class com.Rady.PhoneShop.PhoneShopApplicationTests

  .   ____          _            __ _ _
 /\\ / ___'_ __ _ _(_)_ __  __ _ \ \ \ \
( ( )\___ | '_ | '_| | '_ \/ _` | \ \ \ \
 \\/  ___)| |_)| | | | | || (_| |  ) ) ) )
  '  |____| .__|_| |_|_| |_\__, | / / / /
 =========|_|==============|___/=/_/_/_/

 :: Spring Boot ::                (v3.4.5)

2025-06-22T13:00:30.337+07:00  INFO 5256 --- [           main] c.R.PhoneShop.PhoneShopApplicationTests  : Starting PhoneShopApplicationTests using Java 24 with PID 5256 (started by Lenovo in D:\JavaSpringBoot\PhoneShop)
2025-06-22T13:00:30.338+07:00  INFO 5256 --- [           main] c.R.PhoneShop.PhoneShopApplicationTests  : No active profile set, falling back to 1 default profile: "default"
2025-06-22T13:00:31.358+07:00  INFO 5256 --- [           main] .s.d.r.c.RepositoryConfigurationDelegate : Bootstrapping Spring Data JPA repositories in DEFAULT mode.
2025-06-22T13:00:31.456+07:00  INFO 5256 --- [           main] .s.d.r.c.RepositoryConfigurationDelegate : Finished Spring Data repository scanning in 85 ms. Found 8 JPA repository interfaces.
2025-06-22T13:00:32.009+07:00 DEBUG 5256 --- [           main] com.zaxxer.hikari.HikariConfig           : Driver class com.mysql.cj.jdbc.Driver found in Thread context class loader jdk.internal.loader.ClassLoaders$AppClassLoader@11a4022a
2025-06-22T13:00:32.161+07:00  INFO 5256 --- [           main] o.hibernate.jpa.internal.util.LogHelper  : HHH000204: Processing PersistenceUnitInfo [name: default]
2025-06-22T13:00:32.219+07:00  INFO 5256 --- [           main] org.hibernate.Version                    : HHH000412: Hibernate ORM core version 6.6.13.Final
2025-06-22T13:00:32.268+07:00  INFO 5256 --- [           main] o.h.c.internal.RegionFactoryInitiator    : HHH000026: Second-level cache disabled
2025-06-22T13:00:33.046+07:00  INFO 5256 --- [           main] o.s.o.j.p.SpringPersistenceUnitInfo      : No LoadTimeWeaver setup: ignoring JPA class transformer
2025-06-22T13:00:33.074+07:00  WARN 5256 --- [           main] com.zaxxer.hikari.HikariConfig           : HikariPool-1 - idleTimeout has been set but has no effect because the pool is operating as a fixed size pool.
2025-06-22T13:00:33.074+07:00 DEBUG 5256 --- [           main] com.zaxxer.hikari.HikariConfig           : HikariPool-1 - configuration:
2025-06-22T13:00:33.077+07:00 DEBUG 5256 --- [           main] com.zaxxer.hikari.HikariConfig           : allowPoolSuspension.............false
2025-06-22T13:00:33.077+07:00 DEBUG 5256 --- [           main] com.zaxxer.hikari.HikariConfig           : autoCommit......................true
2025-06-22T13:00:33.077+07:00 DEBUG 5256 --- [           main] com.zaxxer.hikari.HikariConfig           : catalog.........................none
2025-06-22T13:00:33.077+07:00 DEBUG 5256 --- [           main] com.zaxxer.hikari.HikariConfig           : connectionInitSql...............none
2025-06-22T13:00:33.077+07:00 DEBUG 5256 --- [           main] com.zaxxer.hikari.HikariConfig           : connectionTestQuery............."SELECT 1"
2025-06-22T13:00:33.079+07:00 DEBUG 5256 --- [           main] com.zaxxer.hikari.HikariConfig           : connectionTimeout...............20000
2025-06-22T13:00:33.079+07:00 DEBUG 5256 --- [           main] com.zaxxer.hikari.HikariConfig           : dataSource......................none
2025-06-22T13:00:33.079+07:00 DEBUG 5256 --- [           main] com.zaxxer.hikari.HikariConfig           : dataSourceClassName.............none
2025-06-22T13:00:33.079+07:00 DEBUG 5256 --- [           main] com.zaxxer.hikari.HikariConfig           : dataSourceJNDI..................none
2025-06-22T13:00:33.096+07:00 DEBUG 5256 --- [           main] com.zaxxer.hikari.HikariConfig           : dataSourceProperties............{password=<masked>}
2025-06-22T13:00:33.097+07:00 DEBUG 5256 --- [           main] com.zaxxer.hikari.HikariConfig           : driverClassName................."com.mysql.cj.jdbc.Driver"
2025-06-22T13:00:33.097+07:00 DEBUG 5256 --- [           main] com.zaxxer.hikari.HikariConfig           : exceptionOverrideClassName......none
2025-06-22T13:00:33.097+07:00 DEBUG 5256 --- [           main] com.zaxxer.hikari.HikariConfig           : healthCheckProperties...........{}
2025-06-22T13:00:33.097+07:00 DEBUG 5256 --- [           main] com.zaxxer.hikari.HikariConfig           : healthCheckRegistry.............none
2025-06-22T13:00:33.098+07:00 DEBUG 5256 --- [           main] com.zaxxer.hikari.HikariConfig           : idleTimeout.....................300000
2025-06-22T13:00:33.098+07:00 DEBUG 5256 --- [           main] com.zaxxer.hikari.HikariConfig           : initializationFailTimeout.......1
2025-06-22T13:00:33.098+07:00 DEBUG 5256 --- [           main] com.zaxxer.hikari.HikariConfig           : isolateInternalQueries..........false
2025-06-22T13:00:33.098+07:00 DEBUG 5256 --- [           main] com.zaxxer.hikari.HikariConfig           : jdbcUrl.........................jdbc:mysql://localhost:3306/PhoneShop?useSSL=false&serverTimezone=UTC
2025-06-22T13:00:33.099+07:00 DEBUG 5256 --- [           main] com.zaxxer.hikari.HikariConfig           : keepaliveTime...................0
2025-06-22T13:00:33.099+07:00 DEBUG 5256 --- [           main] com.zaxxer.hikari.HikariConfig           : leakDetectionThreshold..........0
2025-06-22T13:00:33.099+07:00 DEBUG 5256 --- [           main] com.zaxxer.hikari.HikariConfig           : maxLifetime.....................1800000
2025-06-22T13:00:33.099+07:00 DEBUG 5256 --- [           main] com.zaxxer.hikari.HikariConfig           : maximumPoolSize.................20
2025-06-22T13:00:33.099+07:00 DEBUG 5256 --- [           main] com.zaxxer.hikari.HikariConfig           : metricRegistry..................none
2025-06-22T13:00:33.099+07:00 DEBUG 5256 --- [           main] com.zaxxer.hikari.HikariConfig           : metricsTrackerFactory...........none
2025-06-22T13:00:33.099+07:00 DEBUG 5256 --- [           main] com.zaxxer.hikari.HikariConfig           : minimumIdle.....................20
2025-06-22T13:00:33.099+07:00 DEBUG 5256 --- [           main] com.zaxxer.hikari.HikariConfig           : password........................<masked>
2025-06-22T13:00:33.100+07:00 DEBUG 5256 --- [           main] com.zaxxer.hikari.HikariConfig           : poolName........................"HikariPool-1"
2025-06-22T13:00:33.100+07:00 DEBUG 5256 --- [           main] com.zaxxer.hikari.HikariConfig           : readOnly........................false
2025-06-22T13:00:33.100+07:00 DEBUG 5256 --- [           main] com.zaxxer.hikari.HikariConfig           : registerMbeans..................false
2025-06-22T13:00:33.100+07:00 DEBUG 5256 --- [           main] com.zaxxer.hikari.HikariConfig           : scheduledExecutor...............none
2025-06-22T13:00:33.100+07:00 DEBUG 5256 --- [           main] com.zaxxer.hikari.HikariConfig           : schema..........................none
2025-06-22T13:00:33.101+07:00 DEBUG 5256 --- [           main] com.zaxxer.hikari.HikariConfig           : threadFactory...................internal
2025-06-22T13:00:33.101+07:00 DEBUG 5256 --- [           main] com.zaxxer.hikari.HikariConfig           : transactionIsolation............default
2025-06-22T13:00:33.101+07:00 DEBUG 5256 --- [           main] com.zaxxer.hikari.HikariConfig           : username........................"root"
2025-06-22T13:00:33.101+07:00 DEBUG 5256 --- [           main] com.zaxxer.hikari.HikariConfig           : validationTimeout...............5000
2025-06-22T13:00:33.101+07:00  INFO 5256 --- [           main] com.zaxxer.hikari.HikariDataSource       : HikariPool-1 - Starting...
2025-06-22T13:00:33.290+07:00  INFO 5256 --- [           main] com.zaxxer.hikari.pool.HikariPool        : HikariPool-1 - Added connection com.mysql.cj.jdbc.ConnectionImpl@468f2a6f
2025-06-22T13:00:33.292+07:00  INFO 5256 --- [           main] com.zaxxer.hikari.HikariDataSource       : HikariPool-1 - Start completed.
2025-06-22T13:00:33.350+07:00  WARN 5256 --- [           main] org.hibernate.orm.deprecation            : HHH90000025: MySQL8Dialect does not need to be specified explicitly using 'hibernate.dialect' (remove the property setting and it will be selected by default)
2025-06-22T13:00:33.353+07:00  WARN 5256 --- [           main] org.hibernate.orm.deprecation            : HHH90000026: MySQL8Dialect has been deprecated; use org.hibernate.dialect.MySQLDialect instead
2025-06-22T13:00:33.369+07:00  INFO 5256 --- [           main] org.hibernate.orm.connections.pooling    : HHH10001005: Database info:
	Database JDBC URL [Connecting through datasource 'HikariDataSource (HikariPool-1)']
	Database driver: undefined/unknown
	Database version: 8.0
	Autocommit mode: undefined/unknown
	Isolation level: undefined/unknown
	Minimum pool size: undefined/unknown
	Maximum pool size: undefined/unknown
2025-06-22T13:00:33.393+07:00 DEBUG 5256 --- [l-1 housekeeper] com.zaxxer.hikari.pool.HikariPool        : HikariPool-1 - Pool stats (total=1, active=0, idle=1, waiting=0)
2025-06-22T13:00:33.399+07:00 DEBUG 5256 --- [onnection adder] com.zaxxer.hikari.pool.HikariPool        : HikariPool-1 - Added connection com.mysql.cj.jdbc.ConnectionImpl@483e0864
2025-06-22T13:00:33.430+07:00 DEBUG 5256 --- [onnection adder] com.zaxxer.hikari.pool.HikariPool        : HikariPool-1 - After adding stats (total=2, active=0, idle=2, waiting=0)
2025-06-22T13:00:33.435+07:00 DEBUG 5256 --- [onnection adder] com.zaxxer.hikari.pool.HikariPool        : HikariPool-1 - Added connection com.mysql.cj.jdbc.ConnectionImpl@85ba12
2025-06-22T13:00:33.467+07:00 DEBUG 5256 --- [onnection adder] com.zaxxer.hikari.pool.HikariPool        : HikariPool-1 - After adding stats (total=3, active=0, idle=3, waiting=0)
2025-06-22T13:00:33.471+07:00 DEBUG 5256 --- [onnection adder] com.zaxxer.hikari.pool.HikariPool        : HikariPool-1 - Added connection com.mysql.cj.jdbc.ConnectionImpl@78ac09a0
2025-06-22T13:00:33.504+07:00 DEBUG 5256 --- [onnection adder] com.zaxxer.hikari.pool.HikariPool        : HikariPool-1 - After adding stats (total=4, active=0, idle=4, waiting=0)
2025-06-22T13:00:33.509+07:00 DEBUG 5256 --- [onnection adder] com.zaxxer.hikari.pool.HikariPool        : HikariPool-1 - Added connection com.mysql.cj.jdbc.ConnectionImpl@44548f0d
2025-06-22T13:00:33.540+07:00 DEBUG 5256 --- [onnection adder] com.zaxxer.hikari.pool.HikariPool        : HikariPool-1 - After adding stats (total=5, active=0, idle=5, waiting=0)
2025-06-22T13:00:33.544+07:00 DEBUG 5256 --- [onnection adder] com.zaxxer.hikari.pool.HikariPool        : HikariPool-1 - Added connection com.mysql.cj.jdbc.ConnectionImpl@63a84585
2025-06-22T13:00:33.576+07:00 DEBUG 5256 --- [onnection adder] com.zaxxer.hikari.pool.HikariPool        : HikariPool-1 - After adding stats (total=6, active=0, idle=6, waiting=0)
2025-06-22T13:00:33.580+07:00 DEBUG 5256 --- [onnection adder] com.zaxxer.hikari.pool.HikariPool        : HikariPool-1 - Added connection com.mysql.cj.jdbc.ConnectionImpl@dae36db
2025-06-22T13:00:33.613+07:00 DEBUG 5256 --- [onnection adder] com.zaxxer.hikari.pool.HikariPool        : HikariPool-1 - After adding stats (total=7, active=0, idle=7, waiting=0)
2025-06-22T13:00:33.620+07:00 DEBUG 5256 --- [onnection adder] com.zaxxer.hikari.pool.HikariPool        : HikariPool-1 - Added connection com.mysql.cj.jdbc.ConnectionImpl@5abe10b1
2025-06-22T13:00:33.652+07:00 DEBUG 5256 --- [onnection adder] com.zaxxer.hikari.pool.HikariPool        : HikariPool-1 - After adding stats (total=8, active=0, idle=8, waiting=0)
2025-06-22T13:00:33.656+07:00 DEBUG 5256 --- [onnection adder] com.zaxxer.hikari.pool.HikariPool        : HikariPool-1 - Added connection com.mysql.cj.jdbc.ConnectionImpl@5c469742
2025-06-22T13:00:33.688+07:00 DEBUG 5256 --- [onnection adder] com.zaxxer.hikari.pool.HikariPool        : HikariPool-1 - After adding stats (total=9, active=0, idle=9, waiting=0)
2025-06-22T13:00:33.692+07:00 DEBUG 5256 --- [onnection adder] com.zaxxer.hikari.pool.HikariPool        : HikariPool-1 - Added connection com.mysql.cj.jdbc.ConnectionImpl@52592c66
2025-06-22T13:00:33.723+07:00 DEBUG 5256 --- [onnection adder] com.zaxxer.hikari.pool.HikariPool        : HikariPool-1 - After adding stats (total=10, active=0, idle=10, waiting=0)
2025-06-22T13:00:33.732+07:00 DEBUG 5256 --- [onnection adder] com.zaxxer.hikari.pool.HikariPool        : HikariPool-1 - Added connection com.mysql.cj.jdbc.ConnectionImpl@977255a
2025-06-22T13:00:33.763+07:00 DEBUG 5256 --- [onnection adder] com.zaxxer.hikari.pool.HikariPool        : HikariPool-1 - After adding stats (total=11, active=0, idle=11, waiting=0)
2025-06-22T13:00:33.766+07:00 DEBUG 5256 --- [onnection adder] com.zaxxer.hikari.pool.HikariPool        : HikariPool-1 - Added connection com.mysql.cj.jdbc.ConnectionImpl@2e207ec8
2025-06-22T13:00:33.799+07:00 DEBUG 5256 --- [onnection adder] com.zaxxer.hikari.pool.HikariPool        : HikariPool-1 - After adding stats (total=12, active=0, idle=12, waiting=0)
2025-06-22T13:00:33.805+07:00 DEBUG 5256 --- [onnection adder] com.zaxxer.hikari.pool.HikariPool        : HikariPool-1 - Added connection com.mysql.cj.jdbc.ConnectionImpl@6540657f
2025-06-22T13:00:33.837+07:00 DEBUG 5256 --- [onnection adder] com.zaxxer.hikari.pool.HikariPool        : HikariPool-1 - After adding stats (total=13, active=0, idle=13, waiting=0)
2025-06-22T13:00:33.844+07:00 DEBUG 5256 --- [onnection adder] com.zaxxer.hikari.pool.HikariPool        : HikariPool-1 - Added connection com.mysql.cj.jdbc.ConnectionImpl@77f5353c
2025-06-22T13:00:33.874+07:00 DEBUG 5256 --- [onnection adder] com.zaxxer.hikari.pool.HikariPool        : HikariPool-1 - After adding stats (total=14, active=0, idle=14, waiting=0)
2025-06-22T13:00:33.880+07:00 DEBUG 5256 --- [onnection adder] com.zaxxer.hikari.pool.HikariPool        : HikariPool-1 - Added connection com.mysql.cj.jdbc.ConnectionImpl@2a553d31
2025-06-22T13:00:33.912+07:00 DEBUG 5256 --- [onnection adder] com.zaxxer.hikari.pool.HikariPool        : HikariPool-1 - After adding stats (total=15, active=0, idle=15, waiting=0)
2025-06-22T13:00:33.918+07:00 DEBUG 5256 --- [onnection adder] com.zaxxer.hikari.pool.HikariPool        : HikariPool-1 - Added connection com.mysql.cj.jdbc.ConnectionImpl@58c1055f
2025-06-22T13:00:33.949+07:00 DEBUG 5256 --- [onnection adder] com.zaxxer.hikari.pool.HikariPool        : HikariPool-1 - After adding stats (total=16, active=0, idle=16, waiting=0)
2025-06-22T13:00:33.954+07:00 DEBUG 5256 --- [onnection adder] com.zaxxer.hikari.pool.HikariPool        : HikariPool-1 - Added connection com.mysql.cj.jdbc.ConnectionImpl@513e55d9
2025-06-22T13:00:33.985+07:00 DEBUG 5256 --- [onnection adder] com.zaxxer.hikari.pool.HikariPool        : HikariPool-1 - After adding stats (total=17, active=0, idle=17, waiting=0)
2025-06-22T13:00:33.990+07:00 DEBUG 5256 --- [onnection adder] com.zaxxer.hikari.pool.HikariPool        : HikariPool-1 - Added connection com.mysql.cj.jdbc.ConnectionImpl@1bbf9cae
2025-06-22T13:00:34.022+07:00 DEBUG 5256 --- [onnection adder] com.zaxxer.hikari.pool.HikariPool        : HikariPool-1 - After adding stats (total=18, active=0, idle=18, waiting=0)
2025-06-22T13:00:34.031+07:00 DEBUG 5256 --- [onnection adder] com.zaxxer.hikari.pool.HikariPool        : HikariPool-1 - Added connection com.mysql.cj.jdbc.ConnectionImpl@60e59554
2025-06-22T13:00:34.062+07:00 DEBUG 5256 --- [onnection adder] com.zaxxer.hikari.pool.HikariPool        : HikariPool-1 - After adding stats (total=19, active=0, idle=19, waiting=0)
2025-06-22T13:00:34.066+07:00 DEBUG 5256 --- [onnection adder] com.zaxxer.hikari.pool.HikariPool        : HikariPool-1 - Added connection com.mysql.cj.jdbc.ConnectionImpl@6828d2f7
2025-06-22T13:00:34.099+07:00 DEBUG 5256 --- [onnection adder] com.zaxxer.hikari.pool.HikariPool        : HikariPool-1 - After adding stats (total=20, active=0, idle=20, waiting=0)
2025-06-22T13:00:34.451+07:00  INFO 5256 --- [           main] o.h.e.t.j.p.i.JtaPlatformInitiator       : HHH000489: No JTA platform available (set 'hibernate.transaction.jta.platform' to enable JTA platform integration)
2025-06-22T13:00:34.545+07:00 DEBUG 5256 --- [           main] org.hibernate.SQL                        : alter table brands add column created_date datetime(6)
Hibernate: alter table brands add column created_date datetime(6)
2025-06-22T13:00:34.802+07:00 DEBUG 5256 --- [           main] org.hibernate.SQL                        : alter table brands add column update_date datetime(6)
Hibernate: alter table brands add column update_date datetime(6)
2025-06-22T13:00:34.838+07:00 DEBUG 5256 --- [           main] org.hibernate.SQL                        : alter table brands add column user_create varchar(255)
Hibernate: alter table brands add column user_create varchar(255)
2025-06-22T13:00:34.872+07:00 DEBUG 5256 --- [           main] org.hibernate.SQL                        : alter table brands add column user_update varchar(255)
Hibernate: alter table brands add column user_update varchar(255)
2025-06-22T13:00:35.083+07:00  INFO 5256 --- [           main] j.LocalContainerEntityManagerFactoryBean : Initialized JPA EntityManagerFactory for persistence unit 'default'
2025-06-22T13:00:36.111+07:00  INFO 5256 --- [           main] o.s.d.j.r.query.QueryEnhancerFactory     : Hibernate is in classpath; If applicable, HQL parser will be used.
2025-06-22T13:00:37.298+07:00  WARN 5256 --- [           main] JpaBaseConfiguration$JpaWebConfiguration : spring.jpa.open-in-view is enabled by default. Therefore, database queries may be performed during view rendering. Explicitly configure spring.jpa.open-in-view to disable this warning
2025-06-22T13:00:37.440+07:00  INFO 5256 --- [           main] eAuthenticationProviderManagerConfigurer : Global AuthenticationManager configured with AuthenticationProvider bean with name authenticationProvider
2025-06-22T13:00:37.441+07:00  WARN 5256 --- [           main] r$InitializeUserDetailsManagerConfigurer : Global AuthenticationManager configured with an AuthenticationProvider bean. UserDetailsService beans will not be used by Spring Security for automatically configuring username/password login. Consider removing the AuthenticationProvider bean. Alternatively, consider using the UserDetailsService in a manually instantiated DaoAuthenticationProvider. If the current configuration is intentional, to turn off this warning, increase the logging level of 'org.springframework.security.config.annotation.authentication.configuration.InitializeUserDetailsBeanManagerConfigurer' to ERROR
2025-06-22T13:00:37.729+07:00  INFO 5256 --- [           main] o.s.b.a.w.s.WelcomePageHandlerMapping    : Adding welcome page: class path resource [static/index.html]
2025-06-22T13:00:39.153+07:00  INFO 5256 --- [           main] c.R.PhoneShop.PhoneShopApplicationTests  : Started PhoneShopApplicationTests in 9.183 seconds (process running for 10.345)
]]></system-out>
    <system-err><![CDATA[Mockito is currently self-attaching to enable the inline-mock-maker. This will no longer work in future releases of the JDK. Please add Mockito as an agent to your build what is described in Mockito's documentation: https://javadoc.io/doc/org.mockito/mockito-core/latest/org/mockito/Mockito.html#0.3
WARNING: A Java agent has been loaded dynamically (C:\Users\Lenovo\.m2\repository\net\bytebuddy\byte-buddy-agent\1.15.11\byte-buddy-agent-1.15.11.jar)
WARNING: If a serviceability tool is in use, please run with -XX:+EnableDynamicAgentLoading to hide this warning
WARNING: If a serviceability tool is not in use, please run with -Djdk.instrument.traceUsage for more information
WARNING: Dynamic loading of agents will be disallowed by default in a future release
]]></system-err>
  </testcase>
</testsuite>