<?xml version="1.0" encoding="UTF-8"?>
<testsuite xmlns:xsi="http://www.w3.org/2001/XMLSchema-instance" xsi:noNamespaceSchemaLocation="https://maven.apache.org/surefire/maven-surefire-plugin/xsd/surefire-test-report.xsd" version="3.0.2" name="com.Rady.PhoneShop.PhoneShopApplicationTests" time="10.073" tests="1" errors="0" skipped="0" failures="0">
  <properties>
[...]
</properties>
  <testcase name="contextLoads" classname="com.Rady.PhoneShop.PhoneShopApplicationTests" time="0.928">
    <system-out><![CDATA[11:43:28.833 [main] INFO org.springframework.test.context.support.AnnotationConfigContextLoaderUtils -- Could not detect default configuration classes for test class [com.Rady.PhoneShop.PhoneShopApplicationTests]: PhoneShopApplicationTests does not declare any static, non-private, non-final, nested classes annotated with @Configuration.
11:43:29.040 [main] INFO org.springframework.boot.test.context.SpringBootTestContextBootstrapper -- Found @SpringBootConfiguration com.Rady.PhoneShop.PhoneShopApplication for test class com.Rady.PhoneShop.PhoneShopApplicationTests

  .   ____          _            __ _ _
 /\\ / ___'_ __ _ _(_)_ __  __ _ \ \ \ \
( ( )\___ | '_ | '_| | '_ \/ _` | \ \ \ \
 \\/  ___)| |_)| | | | | || (_| |  ) ) ) )
  '  |____| .__|_| |_|_| |_\__, | / / / /
 =========|_|==============|___/=/_/_/_/

 :: Spring Boot ::                (v3.4.5)

2025-05-12T11:43:30.141+07:00  INFO 14932 --- [           main] c.R.PhoneShop.PhoneShopApplicationTests  : Starting PhoneShopApplicationTests using Java 24 with PID 14932 (started by Lenovo in D:\JavaSpringBoot\PhoneShop)
2025-05-12T11:43:30.144+07:00  INFO 14932 --- [           main] c.R.PhoneShop.PhoneShopApplicationTests  : No active profile set, falling back to 1 default profile: "default"
2025-05-12T11:43:31.635+07:00  INFO 14932 --- [           main] .s.d.r.c.RepositoryConfigurationDelegate : Bootstrapping Spring Data JPA repositories in DEFAULT mode.
2025-05-12T11:43:31.804+07:00  INFO 14932 --- [           main] .s.d.r.c.RepositoryConfigurationDelegate : Finished Spring Data repository scanning in 147 ms. Found 1 JPA repository interface.
2025-05-12T11:43:32.466+07:00 DEBUG 14932 --- [           main] com.zaxxer.hikari.HikariConfig           : Driver class com.mysql.cj.jdbc.Driver found in Thread context class loader jdk.internal.loader.ClassLoaders$AppClassLoader@11a4022a
2025-05-12T11:43:32.990+07:00  INFO 14932 --- [           main] o.hibernate.jpa.internal.util.LogHelper  : HHH000204: Processing PersistenceUnitInfo [name: default]
2025-05-12T11:43:33.158+07:00  INFO 14932 --- [           main] org.hibernate.Version                    : HHH000412: Hibernate ORM core version 6.6.13.Final
2025-05-12T11:43:33.242+07:00  INFO 14932 --- [           main] o.h.c.internal.RegionFactoryInitiator    : HHH000026: Second-level cache disabled
2025-05-12T11:43:34.116+07:00  INFO 14932 --- [           main] o.s.o.j.p.SpringPersistenceUnitInfo      : No LoadTimeWeaver setup: ignoring JPA class transformer
2025-05-12T11:43:34.198+07:00  WARN 14932 --- [           main] com.zaxxer.hikari.HikariConfig           : HikariPool-1 - idleTimeout has been set but has no effect because the pool is operating as a fixed size pool.
2025-05-12T11:43:34.198+07:00 DEBUG 14932 --- [           main] com.zaxxer.hikari.HikariConfig           : HikariPool-1 - configuration:
2025-05-12T11:43:34.205+07:00 DEBUG 14932 --- [           main] com.zaxxer.hikari.HikariConfig           : allowPoolSuspension.............false
2025-05-12T11:43:34.206+07:00 DEBUG 14932 --- [           main] com.zaxxer.hikari.HikariConfig           : autoCommit......................true
2025-05-12T11:43:34.206+07:00 DEBUG 14932 --- [           main] com.zaxxer.hikari.HikariConfig           : catalog.........................none
2025-05-12T11:43:34.206+07:00 DEBUG 14932 --- [           main] com.zaxxer.hikari.HikariConfig           : connectionInitSql...............none
2025-05-12T11:43:34.207+07:00 DEBUG 14932 --- [           main] com.zaxxer.hikari.HikariConfig           : connectionTestQuery............."SELECT 1"
2025-05-12T11:43:34.211+07:00 DEBUG 14932 --- [           main] com.zaxxer.hikari.HikariConfig           : connectionTimeout...............20000
2025-05-12T11:43:34.212+07:00 DEBUG 14932 --- [           main] com.zaxxer.hikari.HikariConfig           : dataSource......................none
2025-05-12T11:43:34.212+07:00 DEBUG 14932 --- [           main] com.zaxxer.hikari.HikariConfig           : dataSourceClassName.............none
2025-05-12T11:43:34.212+07:00 DEBUG 14932 --- [           main] com.zaxxer.hikari.HikariConfig           : dataSourceJNDI..................none
2025-05-12T11:43:34.213+07:00 DEBUG 14932 --- [           main] com.zaxxer.hikari.HikariConfig           : dataSourceProperties............{password=<masked>}
2025-05-12T11:43:34.214+07:00 DEBUG 14932 --- [           main] com.zaxxer.hikari.HikariConfig           : driverClassName................."com.mysql.cj.jdbc.Driver"
2025-05-12T11:43:34.214+07:00 DEBUG 14932 --- [           main] com.zaxxer.hikari.HikariConfig           : exceptionOverrideClassName......none
2025-05-12T11:43:34.214+07:00 DEBUG 14932 --- [           main] com.zaxxer.hikari.HikariConfig           : healthCheckProperties...........{}
2025-05-12T11:43:34.215+07:00 DEBUG 14932 --- [           main] com.zaxxer.hikari.HikariConfig           : healthCheckRegistry.............none
2025-05-12T11:43:34.215+07:00 DEBUG 14932 --- [           main] com.zaxxer.hikari.HikariConfig           : idleTimeout.....................300000
2025-05-12T11:43:34.215+07:00 DEBUG 14932 --- [           main] com.zaxxer.hikari.HikariConfig           : initializationFailTimeout.......1
2025-05-12T11:43:34.216+07:00 DEBUG 14932 --- [           main] com.zaxxer.hikari.HikariConfig           : isolateInternalQueries..........false
2025-05-12T11:43:34.217+07:00 DEBUG 14932 --- [           main] com.zaxxer.hikari.HikariConfig           : jdbcUrl.........................jdbc:mysql://localhost:3306/PhoneShop?useSSL=false&serverTimezone=UTC
2025-05-12T11:43:34.217+07:00 DEBUG 14932 --- [           main] com.zaxxer.hikari.HikariConfig           : keepaliveTime...................0
2025-05-12T11:43:34.218+07:00 DEBUG 14932 --- [           main] com.zaxxer.hikari.HikariConfig           : leakDetectionThreshold..........0
2025-05-12T11:43:34.218+07:00 DEBUG 14932 --- [           main] com.zaxxer.hikari.HikariConfig           : maxLifetime.....................1800000
2025-05-12T11:43:34.218+07:00 DEBUG 14932 --- [           main] com.zaxxer.hikari.HikariConfig           : maximumPoolSize.................20
2025-05-12T11:43:34.219+07:00 DEBUG 14932 --- [           main] com.zaxxer.hikari.HikariConfig           : metricRegistry..................none
2025-05-12T11:43:34.219+07:00 DEBUG 14932 --- [           main] com.zaxxer.hikari.HikariConfig           : metricsTrackerFactory...........none
2025-05-12T11:43:34.219+07:00 DEBUG 14932 --- [           main] com.zaxxer.hikari.HikariConfig           : minimumIdle.....................20
2025-05-12T11:43:34.220+07:00 DEBUG 14932 --- [           main] com.zaxxer.hikari.HikariConfig           : password........................<masked>
2025-05-12T11:43:34.220+07:00 DEBUG 14932 --- [           main] com.zaxxer.hikari.HikariConfig           : poolName........................"HikariPool-1"
2025-05-12T11:43:34.220+07:00 DEBUG 14932 --- [           main] com.zaxxer.hikari.HikariConfig           : readOnly........................false
2025-05-12T11:43:34.221+07:00 DEBUG 14932 --- [           main] com.zaxxer.hikari.HikariConfig           : registerMbeans..................false
2025-05-12T11:43:34.221+07:00 DEBUG 14932 --- [           main] com.zaxxer.hikari.HikariConfig           : scheduledExecutor...............none
2025-05-12T11:43:34.221+07:00 DEBUG 14932 --- [           main] com.zaxxer.hikari.HikariConfig           : schema..........................none
2025-05-12T11:43:34.222+07:00 DEBUG 14932 --- [           main] com.zaxxer.hikari.HikariConfig           : threadFactory...................internal
2025-05-12T11:43:34.222+07:00 DEBUG 14932 --- [           main] com.zaxxer.hikari.HikariConfig           : transactionIsolation............default
2025-05-12T11:43:34.222+07:00 DEBUG 14932 --- [           main] com.zaxxer.hikari.HikariConfig           : username........................"root"
2025-05-12T11:43:34.222+07:00 DEBUG 14932 --- [           main] com.zaxxer.hikari.HikariConfig           : validationTimeout...............5000
2025-05-12T11:43:34.223+07:00  INFO 14932 --- [           main] com.zaxxer.hikari.HikariDataSource       : HikariPool-1 - Starting...
2025-05-12T11:43:34.690+07:00  INFO 14932 --- [           main] com.zaxxer.hikari.pool.HikariPool        : HikariPool-1 - Added connection com.mysql.cj.jdbc.ConnectionImpl@76af34b5
2025-05-12T11:43:34.697+07:00  INFO 14932 --- [           main] com.zaxxer.hikari.HikariDataSource       : HikariPool-1 - Start completed.
2025-05-12T11:43:34.748+07:00  WARN 14932 --- [           main] org.hibernate.orm.deprecation            : HHH90000025: MySQL8Dialect does not need to be specified explicitly using 'hibernate.dialect' (remove the property setting and it will be selected by default)
2025-05-12T11:43:34.751+07:00  WARN 14932 --- [           main] org.hibernate.orm.deprecation            : HHH90000026: MySQL8Dialect has been deprecated; use org.hibernate.dialect.MySQLDialect instead
2025-05-12T11:43:34.787+07:00  INFO 14932 --- [           main] org.hibernate.orm.connections.pooling    : HHH10001005: Database info:
	Database JDBC URL [Connecting through datasource 'HikariDataSource (HikariPool-1)']
	Database driver: undefined/unknown
	Database version: 8.0
	Autocommit mode: undefined/unknown
	Isolation level: undefined/unknown
	Minimum pool size: undefined/unknown
	Maximum pool size: undefined/unknown
2025-05-12T11:43:34.797+07:00 DEBUG 14932 --- [l-1 housekeeper] com.zaxxer.hikari.pool.HikariPool        : HikariPool-1 - Pool stats (total=1, active=0, idle=1, waiting=0)
2025-05-12T11:43:34.806+07:00 DEBUG 14932 --- [onnection adder] com.zaxxer.hikari.pool.HikariPool        : HikariPool-1 - Added connection com.mysql.cj.jdbc.ConnectionImpl@7d538dd2
2025-05-12T11:43:34.838+07:00 DEBUG 14932 --- [onnection adder] com.zaxxer.hikari.pool.HikariPool        : HikariPool-1 - After adding stats (total=2, active=0, idle=2, waiting=0)
2025-05-12T11:43:34.846+07:00 DEBUG 14932 --- [onnection adder] com.zaxxer.hikari.pool.HikariPool        : HikariPool-1 - Added connection com.mysql.cj.jdbc.ConnectionImpl@6cc41749
2025-05-12T11:43:34.878+07:00 DEBUG 14932 --- [onnection adder] com.zaxxer.hikari.pool.HikariPool        : HikariPool-1 - After adding stats (total=3, active=0, idle=3, waiting=0)
2025-05-12T11:43:34.884+07:00 DEBUG 14932 --- [onnection adder] com.zaxxer.hikari.pool.HikariPool        : HikariPool-1 - Added connection com.mysql.cj.jdbc.ConnectionImpl@14d8f41b
2025-05-12T11:43:34.916+07:00 DEBUG 14932 --- [onnection adder] com.zaxxer.hikari.pool.HikariPool        : HikariPool-1 - After adding stats (total=4, active=0, idle=4, waiting=0)
2025-05-12T11:43:34.922+07:00 DEBUG 14932 --- [onnection adder] com.zaxxer.hikari.pool.HikariPool        : HikariPool-1 - Added connection com.mysql.cj.jdbc.ConnectionImpl@10735238
2025-05-12T11:43:34.953+07:00 DEBUG 14932 --- [onnection adder] com.zaxxer.hikari.pool.HikariPool        : HikariPool-1 - After adding stats (total=5, active=0, idle=5, waiting=0)
2025-05-12T11:43:34.960+07:00 DEBUG 14932 --- [onnection adder] com.zaxxer.hikari.pool.HikariPool        : HikariPool-1 - Added connection com.mysql.cj.jdbc.ConnectionImpl@fdc9d4b
2025-05-12T11:43:34.990+07:00 DEBUG 14932 --- [onnection adder] com.zaxxer.hikari.pool.HikariPool        : HikariPool-1 - After adding stats (total=6, active=0, idle=6, waiting=0)
2025-05-12T11:43:34.996+07:00 DEBUG 14932 --- [onnection adder] com.zaxxer.hikari.pool.HikariPool        : HikariPool-1 - Added connection com.mysql.cj.jdbc.ConnectionImpl@52672bf5
2025-05-12T11:43:35.028+07:00 DEBUG 14932 --- [onnection adder] com.zaxxer.hikari.pool.HikariPool        : HikariPool-1 - After adding stats (total=7, active=0, idle=7, waiting=0)
2025-05-12T11:43:35.033+07:00 DEBUG 14932 --- [onnection adder] com.zaxxer.hikari.pool.HikariPool        : HikariPool-1 - Added connection com.mysql.cj.jdbc.ConnectionImpl@5b38761b
2025-05-12T11:43:35.065+07:00 DEBUG 14932 --- [onnection adder] com.zaxxer.hikari.pool.HikariPool        : HikariPool-1 - After adding stats (total=8, active=0, idle=8, waiting=0)
2025-05-12T11:43:35.070+07:00 DEBUG 14932 --- [onnection adder] com.zaxxer.hikari.pool.HikariPool        : HikariPool-1 - Added connection com.mysql.cj.jdbc.ConnectionImpl@12c464d6
2025-05-12T11:43:35.101+07:00 DEBUG 14932 --- [onnection adder] com.zaxxer.hikari.pool.HikariPool        : HikariPool-1 - After adding stats (total=9, active=0, idle=9, waiting=0)
2025-05-12T11:43:35.107+07:00 DEBUG 14932 --- [onnection adder] com.zaxxer.hikari.pool.HikariPool        : HikariPool-1 - Added connection com.mysql.cj.jdbc.ConnectionImpl@16b1733d
2025-05-12T11:43:35.139+07:00 DEBUG 14932 --- [onnection adder] com.zaxxer.hikari.pool.HikariPool        : HikariPool-1 - After adding stats (total=10, active=0, idle=10, waiting=0)
2025-05-12T11:43:35.146+07:00 DEBUG 14932 --- [onnection adder] com.zaxxer.hikari.pool.HikariPool        : HikariPool-1 - Added connection com.mysql.cj.jdbc.ConnectionImpl@60368e07
2025-05-12T11:43:35.188+07:00 DEBUG 14932 --- [onnection adder] com.zaxxer.hikari.pool.HikariPool        : HikariPool-1 - After adding stats (total=11, active=0, idle=11, waiting=0)
2025-05-12T11:43:35.194+07:00 DEBUG 14932 --- [onnection adder] com.zaxxer.hikari.pool.HikariPool        : HikariPool-1 - Added connection com.mysql.cj.jdbc.ConnectionImpl@79840ad9
2025-05-12T11:43:35.226+07:00 DEBUG 14932 --- [onnection adder] com.zaxxer.hikari.pool.HikariPool        : HikariPool-1 - After adding stats (total=12, active=0, idle=12, waiting=0)
2025-05-12T11:43:35.233+07:00 DEBUG 14932 --- [onnection adder] com.zaxxer.hikari.pool.HikariPool        : HikariPool-1 - Added connection com.mysql.cj.jdbc.ConnectionImpl@511efb2a
2025-05-12T11:43:35.263+07:00 DEBUG 14932 --- [onnection adder] com.zaxxer.hikari.pool.HikariPool        : HikariPool-1 - After adding stats (total=13, active=0, idle=13, waiting=0)
2025-05-12T11:43:35.269+07:00 DEBUG 14932 --- [onnection adder] com.zaxxer.hikari.pool.HikariPool        : HikariPool-1 - Added connection com.mysql.cj.jdbc.ConnectionImpl@6162159b
2025-05-12T11:43:35.301+07:00 DEBUG 14932 --- [onnection adder] com.zaxxer.hikari.pool.HikariPool        : HikariPool-1 - After adding stats (total=14, active=0, idle=14, waiting=0)
2025-05-12T11:43:35.308+07:00 DEBUG 14932 --- [onnection adder] com.zaxxer.hikari.pool.HikariPool        : HikariPool-1 - Added connection com.mysql.cj.jdbc.ConnectionImpl@22b37b4d
2025-05-12T11:43:35.339+07:00 DEBUG 14932 --- [onnection adder] com.zaxxer.hikari.pool.HikariPool        : HikariPool-1 - After adding stats (total=15, active=0, idle=15, waiting=0)
2025-05-12T11:43:35.345+07:00 DEBUG 14932 --- [onnection adder] com.zaxxer.hikari.pool.HikariPool        : HikariPool-1 - Added connection com.mysql.cj.jdbc.ConnectionImpl@238161fd
2025-05-12T11:43:35.376+07:00 DEBUG 14932 --- [onnection adder] com.zaxxer.hikari.pool.HikariPool        : HikariPool-1 - After adding stats (total=16, active=0, idle=16, waiting=0)
2025-05-12T11:43:35.382+07:00 DEBUG 14932 --- [onnection adder] com.zaxxer.hikari.pool.HikariPool        : HikariPool-1 - Added connection com.mysql.cj.jdbc.ConnectionImpl@e2dc64d
2025-05-12T11:43:35.413+07:00 DEBUG 14932 --- [onnection adder] com.zaxxer.hikari.pool.HikariPool        : HikariPool-1 - After adding stats (total=17, active=0, idle=17, waiting=0)
2025-05-12T11:43:35.420+07:00 DEBUG 14932 --- [onnection adder] com.zaxxer.hikari.pool.HikariPool        : HikariPool-1 - Added connection com.mysql.cj.jdbc.ConnectionImpl@753a466
2025-05-12T11:43:35.452+07:00 DEBUG 14932 --- [onnection adder] com.zaxxer.hikari.pool.HikariPool        : HikariPool-1 - After adding stats (total=18, active=0, idle=18, waiting=0)
2025-05-12T11:43:35.459+07:00 DEBUG 14932 --- [onnection adder] com.zaxxer.hikari.pool.HikariPool        : HikariPool-1 - Added connection com.mysql.cj.jdbc.ConnectionImpl@3d5cfeed
2025-05-12T11:43:35.491+07:00 DEBUG 14932 --- [onnection adder] com.zaxxer.hikari.pool.HikariPool        : HikariPool-1 - After adding stats (total=19, active=0, idle=19, waiting=0)
2025-05-12T11:43:35.499+07:00 DEBUG 14932 --- [onnection adder] com.zaxxer.hikari.pool.HikariPool        : HikariPool-1 - Added connection com.mysql.cj.jdbc.ConnectionImpl@25f60efd
2025-05-12T11:43:35.530+07:00 DEBUG 14932 --- [onnection adder] com.zaxxer.hikari.pool.HikariPool        : HikariPool-1 - After adding stats (total=20, active=0, idle=20, waiting=0)
2025-05-12T11:43:36.018+07:00  INFO 14932 --- [           main] o.h.e.t.j.p.i.JtaPlatformInitiator       : HHH000489: No JTA platform available (set 'hibernate.transaction.jta.platform' to enable JTA platform integration)
2025-05-12T11:43:36.108+07:00  INFO 14932 --- [           main] j.LocalContainerEntityManagerFactoryBean : Initialized JPA EntityManagerFactory for persistence unit 'default'
2025-05-12T11:43:36.880+07:00  WARN 14932 --- [           main] JpaBaseConfiguration$JpaWebConfiguration : spring.jpa.open-in-view is enabled by default. Therefore, database queries may be performed during view rendering. Explicitly configure spring.jpa.open-in-view to disable this warning
2025-05-12T11:43:37.716+07:00  INFO 14932 --- [           main] c.R.PhoneShop.PhoneShopApplicationTests  : Started PhoneShopApplicationTests in 8.397 seconds (process running for 10.087)
]]></system-out>
    <system-err><![CDATA[Mockito is currently self-attaching to enable the inline-mock-maker. This will no longer work in future releases of the JDK. Please add Mockito as an agent to your build what is described in Mockito's documentation: https://javadoc.io/doc/org.mockito/mockito-core/latest/org/mockito/Mockito.html#0.3
WARNING: A Java agent has been loaded dynamically (C:\Users\Lenovo\.m2\repository\net\bytebuddy\byte-buddy-agent\1.15.11\byte-buddy-agent-1.15.11.jar)
WARNING: If a serviceability tool is in use, please run with -XX:+EnableDynamicAgentLoading to hide this warning
WARNING: If a serviceability tool is not in use, please run with -Djdk.instrument.traceUsage for more information
WARNING: Dynamic loading of agents will be disallowed by default in a future release
]]></system-err>
  </testcase>
</testsuite>